<?xml version="1.0" encoding="UTF-8"?>
<!-- Generated by org.testng.reporters.JUnitReportReporter -->
<testsuite hostname="MSI" failures="1" tests="5" name="com.tests.CucumberRunnerTests" time="2.814" errors="0" timestamp="2025-08-11T21:01:29 IST" skipped="0">
  <testcase classname="com.tests.CucumberRunnerTests" name="runScenario" time="1.910"/>
  <testcase classname="com.tests.CucumberRunnerTests" name="runScenario" time="0.229">
    <failure message="expected [application/xml] but found [application/json]" type="java.lang.AssertionError">
      <![CDATA[java.lang.AssertionError: expected [application/xml] but found [application/json]
at org.testng.Assert.fail(Assert.java:111)
at org.testng.Assert.failNotEquals(Assert.java:1590)
at org.testng.Assert.assertEqualsImpl(Assert.java:150)
at org.testng.Assert.assertEquals(Assert.java:132)
at org.testng.Assert.assertEquals(Assert.java:656)
at org.testng.Assert.assertEquals(Assert.java:666)
at com.definitions.StepDef.the_response_header_should_be(StepDef.java:91)
at ✽.the response header "Content-Type" should be "application/json"(file:///C:/Users/manna/eclipse-workspace/Sprint_4/src/test/java/com/features/HotelRoomBooking.feature:7)
]]>
    </failure>
  </testcase> <!-- runScenario -->
  <testcase classname="com.tests.CucumberRunnerTests" name="runScenario" time="0.203"/>
  <testcase classname="com.tests.CucumberRunnerTests" name="runScenario" time="0.207"/>
  <testcase classname="com.tests.CucumberRunnerTests" name="runScenario" time="0.265"/>
</testsuite> <!-- com.tests.CucumberRunnerTests -->
